2025-04-24 20:46:18,250 - Blockchain calculate_hash - Execution time: 0.0000 seconds
2025-04-24 20:46:18,252 - Blockchain create_genesis_block - Execution time: 0.0015 seconds
2025-04-24 20:46:23,243 - Blockchain calculate_hash - Execution time: 0.0010 seconds
2025-04-24 20:46:23,243 - Blockchain create_genesis_block - Execution time: 0.0010 seconds
2025-04-24 20:48:06,314 - Blockchain add_validator - Execution time: 0.0000 seconds
2025-04-24 20:48:10,369 - Blockchain calculate_hash - Execution time: 0.0040 seconds
2025-04-24 20:48:10,376 - Blockchain calculate_hash - Execution time: 0.0040 seconds
2025-04-24 20:48:10,376 - Blockchain mine_block - Execution time: 0.0106 seconds
2025-04-24 20:48:10,381 - Blockchain calculate_hash - Execution time: 0.0041 seconds
2025-04-24 20:48:10,382 - Blockchain validate_block - Execution time: 0.0011 seconds
2025-04-24 20:49:33,837 - Blockchain calculate_hash - Execution time: 0.0010 seconds
2025-04-24 20:49:33,837 - Blockchain create_genesis_block - Execution time: 0.0010 seconds
2025-04-24 20:49:38,814 - Blockchain calculate_hash - Execution time: 0.0010 seconds
2025-04-24 20:49:38,814 - Blockchain create_genesis_block - Execution time: 0.0010 seconds
2025-04-24 20:50:21,902 - Blockchain add_validator - Execution time: 0.0000 seconds
2025-04-24 20:50:25,929 - Blockchain calculate_hash - Execution time: 0.0034 seconds
2025-04-24 20:50:25,935 - Blockchain calculate_hash - Execution time: 0.0038 seconds
2025-04-24 20:50:25,935 - Blockchain mine_block - Execution time: 0.0102 seconds
2025-04-24 20:50:25,941 - Blockchain calculate_hash - Execution time: 0.0045 seconds
2025-04-24 20:50:25,941 - Blockchain validate_block - Execution time: 0.0000 seconds
2025-04-24 20:50:53,764 - Blockchain calculate_hash - Execution time: 0.0005 seconds
2025-04-24 20:50:53,765 - Blockchain create_genesis_block - Execution time: 0.0018 seconds
2025-04-24 20:50:58,764 - Blockchain calculate_hash - Execution time: 0.0010 seconds
2025-04-24 20:50:58,765 - Blockchain create_genesis_block - Execution time: 0.0020 seconds
2025-04-24 20:51:12,394 - Blockchain add_validator - Execution time: 0.0000 seconds
2025-04-24 20:51:15,791 - Blockchain calculate_hash - Execution time: 0.0042 seconds
2025-04-24 20:51:15,798 - Blockchain calculate_hash - Execution time: 0.0040 seconds
2025-04-24 20:51:15,798 - Blockchain mine_block - Execution time: 0.0107 seconds
2025-04-24 20:52:27,698 - Blockchain calculate_hash - Execution time: 0.0010 seconds
2025-04-24 20:52:27,698 - Blockchain create_genesis_block - Execution time: 0.0010 seconds
2025-04-24 20:52:32,710 - Blockchain calculate_hash - Execution time: 0.0012 seconds
2025-04-24 20:52:32,711 - Blockchain create_genesis_block - Execution time: 0.0022 seconds
2025-04-24 20:52:58,465 - Blockchain calculate_hash - Execution time: 0.0010 seconds
2025-04-24 20:52:58,465 - Blockchain create_genesis_block - Execution time: 0.0010 seconds
2025-04-24 20:53:03,421 - Blockchain calculate_hash - Execution time: 0.0000 seconds
2025-04-24 20:53:03,422 - Blockchain create_genesis_block - Execution time: 0.0010 seconds
2025-04-24 20:53:14,121 - Blockchain add_validator - Execution time: 0.0000 seconds
2025-04-24 20:53:20,520 - Blockchain calculate_hash - Execution time: 0.0045 seconds
2025-04-24 20:53:20,526 - Blockchain calculate_hash - Execution time: 0.0040 seconds
2025-04-24 20:53:20,526 - Blockchain mine_block - Execution time: 0.0112 seconds
2025-04-24 20:56:22,099 - Blockchain calculate_hash - Execution time: 0.0010 seconds
2025-04-24 20:56:22,100 - Blockchain create_genesis_block - Execution time: 0.0020 seconds
2025-04-24 20:56:27,026 - Blockchain calculate_hash - Execution time: 0.0000 seconds
2025-04-24 20:56:27,027 - Blockchain create_genesis_block - Execution time: 0.0010 seconds
2025-04-24 20:56:45,173 - Blockchain add_validator - Execution time: 0.0000 seconds
2025-04-24 20:56:54,136 - Blockchain calculate_hash - Execution time: 0.0043 seconds
2025-04-24 20:56:54,143 - Blockchain calculate_hash - Execution time: 0.0046 seconds
2025-04-24 20:56:54,143 - Blockchain mine_block - Execution time: 0.0109 seconds
2025-04-24 20:58:39,037 - Blockchain calculate_hash - Execution time: 0.0010 seconds
2025-04-24 20:58:39,038 - Blockchain create_genesis_block - Execution time: 0.0020 seconds
2025-04-24 20:58:44,002 - Blockchain calculate_hash - Execution time: 0.0000 seconds
2025-04-24 20:58:44,003 - Blockchain create_genesis_block - Execution time: 0.0010 seconds
2025-04-24 20:59:10,380 - Blockchain add_validator - Execution time: 0.0000 seconds
2025-04-24 20:59:11,084 - Blockchain calculate_hash - Execution time: 0.0035 seconds
2025-04-24 20:59:11,091 - Blockchain calculate_hash - Execution time: 0.0035 seconds
2025-04-24 20:59:11,092 - Blockchain mine_block - Execution time: 0.0111 seconds
2025-04-24 20:59:54,148 - Blockchain calculate_hash - Execution time: 0.0020 seconds
2025-04-24 20:59:54,148 - Blockchain create_genesis_block - Execution time: 0.0020 seconds
2025-04-24 20:59:59,142 - Blockchain calculate_hash - Execution time: 0.0010 seconds
2025-04-24 20:59:59,142 - Blockchain create_genesis_block - Execution time: 0.0015 seconds
2025-04-24 21:00:10,393 - Blockchain add_validator - Execution time: 0.0014 seconds
2025-04-24 21:00:16,210 - Blockchain calculate_hash - Execution time: 0.0040 seconds
2025-04-24 21:00:16,217 - Blockchain calculate_hash - Execution time: 0.0040 seconds
2025-04-24 21:00:16,218 - Blockchain mine_block - Execution time: 0.0116 seconds
2025-04-24 21:04:17,261 - Blockchain calculate_hash - Execution time: 0.0010 seconds
2025-04-24 21:04:17,262 - Blockchain create_genesis_block - Execution time: 0.0020 seconds
2025-04-24 21:04:22,293 - Blockchain calculate_hash - Execution time: 0.0010 seconds
2025-04-24 21:04:22,293 - Blockchain create_genesis_block - Execution time: 0.0010 seconds
2025-04-24 21:04:41,945 - Blockchain add_validator - Execution time: 0.0010 seconds
2025-04-24 21:04:49,360 - Blockchain calculate_hash - Execution time: 0.0051 seconds
2025-04-24 21:04:49,360 - Blockchain mine_block - Execution time: 0.0051 seconds
2025-04-24 21:04:59,370 - Blockchain calculate_hash - Execution time: 0.0040 seconds
2025-04-24 21:04:59,371 - Blockchain mine_block - Execution time: 0.0050 seconds
2025-04-24 21:05:09,391 - Blockchain calculate_hash - Execution time: 0.0045 seconds
2025-04-24 21:05:09,391 - Blockchain mine_block - Execution time: 0.0045 seconds
2025-04-24 21:06:18,605 - Blockchain calculate_hash - Execution time: 0.0010 seconds
2025-04-24 21:06:18,606 - Blockchain create_genesis_block - Execution time: 0.0020 seconds
2025-04-24 21:06:23,527 - Blockchain calculate_hash - Execution time: 0.0010 seconds
2025-04-24 21:06:23,528 - Blockchain create_genesis_block - Execution time: 0.0020 seconds
2025-04-24 21:06:37,904 - Blockchain add_validator - Execution time: 0.0010 seconds
2025-04-24 21:06:40,656 - Blockchain calculate_hash - Execution time: 0.0043 seconds
2025-04-24 21:06:40,664 - Blockchain calculate_hash - Execution time: 0.0059 seconds
2025-04-24 21:06:40,664 - Blockchain mine_block - Execution time: 0.0122 seconds
2025-04-24 21:09:10,300 - Blockchain calculate_hash - Execution time: 0.0010 seconds
2025-04-24 21:09:10,300 - Blockchain create_genesis_block - Execution time: 0.0010 seconds
2025-04-24 21:09:15,283 - Blockchain calculate_hash - Execution time: 0.0013 seconds
2025-04-24 21:09:15,285 - Blockchain create_genesis_block - Execution time: 0.0026 seconds
2025-04-24 21:09:26,121 - Blockchain add_validator - Execution time: 0.0000 seconds
2025-04-24 21:09:32,369 - Blockchain calculate_hash - Execution time: 0.0040 seconds
2025-04-24 21:09:32,377 - Blockchain calculate_hash - Execution time: 0.0052 seconds
2025-04-24 21:09:32,377 - Blockchain mine_block - Execution time: 0.0118 seconds
2025-04-24 21:09:32,379 - Blockchain validate_block - Execution time: 0.0010 seconds
2025-04-24 21:12:01,070 - Blockchain calculate_hash - Execution time: 0.0024 seconds
2025-04-24 21:12:01,070 - Blockchain create_genesis_block - Execution time: 0.0024 seconds
2025-04-24 21:12:06,064 - Blockchain calculate_hash - Execution time: 0.0010 seconds
2025-04-24 21:12:06,064 - Blockchain create_genesis_block - Execution time: 0.0010 seconds
2025-04-24 21:12:24,101 - Blockchain add_validator - Execution time: 0.0000 seconds
2025-04-24 21:12:33,180 - Blockchain calculate_hash - Execution time: 0.0051 seconds
2025-04-24 21:12:33,187 - Blockchain calculate_hash - Execution time: 0.0046 seconds
2025-04-24 21:12:33,188 - Blockchain mine_block - Execution time: 0.0129 seconds
2025-04-24 21:12:33,189 - Blockchain validate_block - Execution time: 0.0000 seconds
2025-04-24 21:13:09,667 - Blockchain calculate_hash - Execution time: 0.0015 seconds
2025-04-24 21:13:09,667 - Blockchain create_genesis_block - Execution time: 0.0015 seconds
2025-04-24 21:13:14,670 - Blockchain calculate_hash - Execution time: 0.0010 seconds
2025-04-24 21:13:14,671 - Blockchain create_genesis_block - Execution time: 0.0020 seconds
2025-04-24 21:13:29,036 - Blockchain add_validator - Execution time: 0.0000 seconds
2025-04-24 21:13:31,712 - Blockchain calculate_hash - Execution time: 0.0040 seconds
2025-04-24 21:13:31,719 - Blockchain calculate_hash - Execution time: 0.0045 seconds
2025-04-24 21:13:31,720 - Blockchain mine_block - Execution time: 0.0124 seconds
2025-04-24 21:13:31,726 - Blockchain calculate_hash - Execution time: 0.0046 seconds
2025-04-24 21:13:31,727 - Blockchain validate_block - Execution time: 0.0058 seconds
2025-04-24 21:14:18,516 - Blockchain calculate_hash - Execution time: 0.0015 seconds
2025-04-24 21:14:18,517 - Blockchain create_genesis_block - Execution time: 0.0025 seconds
2025-04-24 21:14:23,495 - Blockchain calculate_hash - Execution time: 0.0015 seconds
2025-04-24 21:14:23,495 - Blockchain create_genesis_block - Execution time: 0.0020 seconds
2025-04-24 21:14:41,313 - Blockchain add_validator - Execution time: 0.0010 seconds
2025-04-24 21:14:50,572 - Blockchain calculate_hash - Execution time: 0.0040 seconds
2025-04-24 21:14:50,580 - Blockchain calculate_hash - Execution time: 0.0056 seconds
2025-04-24 21:14:50,580 - Blockchain mine_block - Execution time: 0.0118 seconds
2025-04-24 21:14:50,587 - Blockchain calculate_hash - Execution time: 0.0046 seconds
2025-04-24 21:14:50,587 - Blockchain validate_block - Execution time: 0.0056 seconds
2025-04-24 21:17:10,407 - Blockchain calculate_hash - Execution time: 0.0010 seconds
2025-04-24 21:17:10,408 - Blockchain create_genesis_block - Execution time: 0.0020 seconds
2025-04-24 21:17:15,358 - Blockchain calculate_hash - Execution time: 0.0020 seconds
2025-04-24 21:17:15,358 - Blockchain create_genesis_block - Execution time: 0.0025 seconds
2025-04-24 21:17:27,061 - Blockchain add_validator - Execution time: 0.0020 seconds
2025-04-24 21:18:01,670 - Blockchain calculate_hash - Execution time: 0.0010 seconds
2025-04-24 21:18:01,670 - Blockchain create_genesis_block - Execution time: 0.0020 seconds
2025-04-24 21:18:06,646 - Blockchain calculate_hash - Execution time: 0.0013 seconds
2025-04-24 21:18:06,647 - Blockchain create_genesis_block - Execution time: 0.0023 seconds
2025-04-24 21:18:23,739 - Blockchain add_validator - Execution time: 0.0020 seconds
2025-04-24 21:18:33,738 - Blockchain calculate_hash - Execution time: 0.0040 seconds
2025-04-24 21:18:33,738 - Blockchain mine_block - Execution time: 0.0052 seconds
2025-04-24 21:18:43,749 - Blockchain calculate_hash - Execution time: 0.0046 seconds
2025-04-24 21:18:43,750 - Blockchain mine_block - Execution time: 0.0056 seconds
2025-04-24 21:19:35,321 - Blockchain calculate_hash - Execution time: 0.0010 seconds
2025-04-24 21:19:35,322 - Blockchain create_genesis_block - Execution time: 0.0020 seconds
2025-04-24 21:19:40,301 - Blockchain calculate_hash - Execution time: 0.0010 seconds
2025-04-24 21:19:40,302 - Blockchain create_genesis_block - Execution time: 0.0020 seconds
2025-04-24 21:19:51,627 - Blockchain add_validator - Execution time: 0.0010 seconds
2025-04-24 21:19:57,360 - Blockchain mine_block - Execution time: 0.0010 seconds
2025-04-24 21:20:07,368 - Blockchain mine_block - Execution time: 0.0010 seconds
2025-04-24 21:20:17,382 - Blockchain mine_block - Execution time: 0.0010 seconds
2025-04-24 21:20:27,399 - Blockchain mine_block - Execution time: 0.0010 seconds
2025-04-24 21:20:37,408 - Blockchain mine_block - Execution time: 0.0000 seconds
2025-04-24 21:21:21,484 - Blockchain calculate_hash - Execution time: 0.0010 seconds
2025-04-24 21:21:21,484 - Blockchain create_genesis_block - Execution time: 0.0010 seconds
2025-04-24 21:21:26,527 - Blockchain calculate_hash - Execution time: 0.0010 seconds
2025-04-24 21:21:26,528 - Blockchain create_genesis_block - Execution time: 0.0022 seconds
2025-04-24 21:21:37,755 - Blockchain add_validator - Execution time: 0.0005 seconds
2025-04-24 21:21:43,516 - Blockchain mine_block - Execution time: 0.0012 seconds
2025-04-24 21:21:53,529 - Blockchain mine_block - Execution time: 0.0010 seconds
2025-04-24 21:22:03,546 - Blockchain mine_block - Execution time: 0.0010 seconds
